<?xml version="1.0" encoding="UTF-8"?>
<!-- Generated by org.testng.reporters.JUnitReportReporter -->
<testsuite skipped="0" hostname="DESKTOP-VGU5P9Q" name="Module1_Login_Test.KiteLoginTest" tests="1" failures="0" timestamp="2022-04-27T19:23:09 IST" time="2.090" errors="0">
  <testcase name="verifyUserID" time="2.090" classname="Module1_Login_Test.KiteLoginTest"/>
  <system-out/>
</testsuite> <!-- Module1_Login_Test.KiteLoginTest -->
